<?xml version="1.0" encoding="UTF-8"?>
<!-- Generated by org.testng.reporters.JUnitReportReporter -->
<testsuite skipped="0" hostname="DESKTOP-2SEFOJD" name="com.cambi.testscript.cambiAutomaton" tests="1" failures="0" timestamp="2020-02-17T12:47:56 IST" time="44.547" errors="0">
  <testcase name="LoginByPhoneNumber" time="44.547" classname="com.cambi.testscript.cambiAutomaton"/>
</testsuite> <!-- com.cambi.testscript.cambiAutomaton -->
