<?xml version="1.0" encoding="UTF-8"?>
<!-- Generated by org.testng.reporters.JUnitReportReporter -->
<testsuite skipped="0" hostname="DESKTOP-2SEFOJD" name="com.effiaSoft.testscript.TestCase_01_20Test" tests="7" failures="0" timestamp="16 Sep 2019 10:12:05 GMT" time="2421.238" errors="0">
  <testcase name="createAndVerifyEstimation_OrderConversionAndInvoiceConversionTest" time="376.176" classname="com.effiaSoft.testscript.TestCase_01_20Test"/>
  <testcase name="ordersTest" time="519.797" classname="com.effiaSoft.testscript.TestCase_01_20Test"/>
  <testcase name="ordersInvoiceConversionWithCollectPaymentTest" time="160.792" classname="com.effiaSoft.testscript.TestCase_01_20Test"/>
  <testcase name="modifyInvoiceTest" time="250.176" classname="com.effiaSoft.testscript.TestCase_01_20Test"/>
  <testcase name="invoiceStatusTest" time="407.209" classname="com.effiaSoft.testscript.TestCase_01_20Test"/>
  <testcase name="PurchaseInvoiceAndReturnTest" time="299.481" classname="com.effiaSoft.testscript.TestCase_01_20Test"/>
  <testcase name="modifyEstimationAndOrder" time="407.607" classname="com.effiaSoft.testscript.TestCase_01_20Test"/>
</testsuite> <!-- com.effiaSoft.testscript.TestCase_01_20Test -->
